# JRE version: OpenJDK Runtime Environment (8.0_131-b12) (build 1.8.0_131-b12)
# Java VM: OpenJDK 64-Bit Server VM (25.131-b12 mixed mode linux-amd64 compressed oops)
Heap:
 PSYoungGen      total 166912K, used 14446K [0x00000000e1600000, 0x00000000ec880000, 0x0000000100000000)
  eden space 151040K, 0% used [0x00000000e1600000,0x00000000e1600000,0x00000000ea980000)
  from space 15872K, 91% used [0x00000000ea980000,0x00000000eb79bad0,0x00000000eb900000)
  to   space 15872K, 0% used [0x00000000eb900000,0x00000000eb900000,0x00000000ec880000)
 ParOldGen       total 56320K, used 22601K [0x00000000a4200000, 0x00000000a7900000, 0x00000000e1600000)
  object space 56320K, 40% used [0x00000000a4200000,0x00000000a5812570,0x00000000a7900000)
 Metaspace       used 34310K, capacity 35192K, committed 35416K, reserved 1081344K
  class space    used 4089K, capacity 4370K, committed 4480K, reserved 1048576K
GC Heap History (10 events):
Event: 8.245 GC heap after
Heap after GC invocations=7 (full 0):
 PSYoungGen      total 56832K, used 8688K [0x00000000e1600000, 0x00000000e8900000, 0x0000000100000000)
  eden space 48128K, 0% used [0x00000000e1600000,0x00000000e1600000,0x00000000e4500000)
  from space 8704K, 99% used [0x00000000e4500000,0x00000000e4d7c010,0x00000000e4d80000)
  to   space 10752K, 0% used [0x00000000e7e80000,0x00000000e7e80000,0x00000000e8900000)
 ParOldGen       total 62976K, used 15372K [0x00000000a4200000, 0x00000000a7f80000, 0x00000000e1600000)
  object space 62976K, 24% used [0x00000000a4200000,0x00000000a51032f8,0x00000000a7f80000)
 Metaspace       used 15862K, capacity 16152K, committed 16256K, reserved 1062912K
  class space    used 1781K, capacity 1884K, committed 1920K, reserved 1048576K
}
Event: 10.301 GC heap before
{Heap before GC invocations=8 (full 0):
 PSYoungGen      total 56832K, used 56816K [0x00000000e1600000, 0x00000000e8900000, 0x0000000100000000)
  eden space 48128K, 100% used [0x00000000e1600000,0x00000000e4500000,0x00000000e4500000)
  from space 8704K, 99% used [0x00000000e4500000,0x00000000e4d7c010,0x00000000e4d80000)
  to   space 10752K, 0% used [0x00000000e7e80000,0x00000000e7e80000,0x00000000e8900000)
 ParOldGen       total 62976K, used 15372K [0x00000000a4200000, 0x00000000a7f80000, 0x00000000e1600000)
  object space 62976K, 24% used [0x00000000a4200000,0x00000000a51032f8,0x00000000a7f80000)
 Metaspace       used 17020K, capacity 17430K, committed 17792K, reserved 1064960K
  class space    used 1897K, capacity 2053K, committed 2176K, reserved 1048576K
Event: 10.335 GC heap after
Heap after GC invocations=8 (full 0):
 PSYoungGen      total 104960K, used 10728K [0x00000000e1600000, 0x00000000e8d00000, 0x0000000100000000)
  eden space 94208K, 0% used [0x00000000e1600000,0x00000000e1600000,0x00000000e7200000)
  from space 10752K, 99% used [0x00000000e7e80000,0x00000000e88fa128,0x00000000e8900000)
  to   space 12800K, 0% used [0x00000000e7200000,0x00000000e7200000,0x00000000e7e80000)
 ParOldGen       total 62976K, used 16937K [0x00000000a4200000, 0x00000000a7f80000, 0x00000000e1600000)
  object space 62976K, 26% used [0x00000000a4200000,0x00000000a528a520,0x00000000a7f80000)
 Metaspace       used 17020K, capacity 17430K, committed 17792K, reserved 1064960K
  class space    used 1897K, capacity 2053K, committed 2176K, reserved 1048576K
}
Event: 19.088 GC heap before
{Heap before GC invocations=9 (full 0):
 PSYoungGen      total 104960K, used 104936K [0x00000000e1600000, 0x00000000e8d00000, 0x0000000100000000)
  eden space 94208K, 100% used [0x00000000e1600000,0x00000000e7200000,0x00000000e7200000)
  from space 10752K, 99% used [0x00000000e7e80000,0x00000000e88fa128,0x00000000e8900000)
  to   space 12800K, 0% used [0x00000000e7200000,0x00000000e7200000,0x00000000e7e80000)
 ParOldGen       total 62976K, used 16937K [0x00000000a4200000, 0x00000000a7f80000, 0x00000000e1600000)
  object space 62976K, 26% used [0x00000000a4200000,0x00000000a528a520,0x00000000a7f80000)
 Metaspace       used 20595K, capacity 21212K, committed 21248K, reserved 1069056K
  class space    used 2310K, capacity 2554K, committed 2560K, reserved 1048576K
Event: 19.115 GC heap after
Heap after GC invocations=9 (full 0):
 PSYoungGen      total 107008K, used 12785K [0x00000000e1600000, 0x00000000ec880000, 0x0000000100000000)
  eden space 94208K, 0% used [0x00000000e1600000,0x00000000e1600000,0x00000000e7200000)
  from space 12800K, 99% used [0x00000000e7200000,0x00000000e7e7c528,0x00000000e7e80000)
  to   space 15872K, 0% used [0x00000000eb900000,0x00000000eb900000,0x00000000ec880000)
 ParOldGen       total 62976K, used 21461K [0x00000000a4200000, 0x00000000a7f80000, 0x00000000e1600000)
  object space 62976K, 34% used [0x00000000a4200000,0x00000000a56f5580,0x00000000a7f80000)
 Metaspace       used 20595K, capacity 21212K, committed 21248K, reserved 1069056K
  class space    used 2310K, capacity 2554K, committed 2560K, reserved 1048576K
}
Event: 19.129 GC heap before
{Heap before GC invocations=10 (full 0):
 PSYoungGen      total 107008K, used 13326K [0x00000000e1600000, 0x00000000ec880000, 0x0000000100000000)
  eden space 94208K, 0% used [0x00000000e1600000,0x00000000e16873d0,0x00000000e7200000)
  from space 12800K, 99% used [0x00000000e7200000,0x00000000e7e7c528,0x00000000e7e80000)
  to   space 15872K, 0% used [0x00000000eb900000,0x00000000eb900000,0x00000000ec880000)
 ParOldGen       total 62976K, used 21461K [0x00000000a4200000, 0x00000000a7f80000, 0x00000000e1600000)
  object space 62976K, 34% used [0x00000000a4200000,0x00000000a56f5580,0x00000000a7f80000)
 Metaspace       used 20602K, capacity 21212K, committed 21248K, reserved 1069056K
  class space    used 2311K, capacity 2554K, committed 2560K, reserved 1048576K
Event: 19.151 GC heap after
Heap after GC invocations=10 (full 0):
 PSYoungGen      total 166912K, used 4640K [0x00000000e1600000, 0x00000000ec880000, 0x0000000100000000)
  eden space 151040K, 0% used [0x00000000e1600000,0x00000000e1600000,0x00000000ea980000)
  from space 15872K, 29% used [0x00000000eb900000,0x00000000ebd88000,0x00000000ec880000)
  to   space 15872K, 0% used [0x00000000ea980000,0x00000000ea980000,0x00000000eb900000)
 ParOldGen       total 62976K, used 28117K [0x00000000a4200000, 0x00000000a7f80000, 0x00000000e1600000)
  object space 62976K, 44% used [0x00000000a4200000,0x00000000a5d75580,0x00000000a7f80000)
 Metaspace       used 20602K, capacity 21212K, committed 21248K, reserved 1069056K
  class space    used 2311K, capacity 2554K, committed 2560K, reserved 1048576K
}
Event: 19.162 GC heap before
{Heap before GC invocations=11 (full 1):
 PSYoungGen      total 166912K, used 4640K [0x00000000e1600000, 0x00000000ec880000, 0x0000000100000000)
  eden space 151040K, 0% used [0x00000000e1600000,0x00000000e1600000,0x00000000ea980000)
  from space 15872K, 29% used [0x00000000eb900000,0x00000000ebd88000,0x00000000ec880000)
  to   space 15872K, 0% used [0x00000000ea980000,0x00000000ea980000,0x00000000eb900000)
 ParOldGen       total 62976K, used 28117K [0x00000000a4200000, 0x00000000a7f80000, 0x00000000e1600000)
  object space 62976K, 44% used [0x00000000a4200000,0x00000000a5d75580,0x00000000a7f80000)
 Metaspace       used 20602K, capacity 21212K, committed 21248K, reserved 1069056K
  class space    used 2311K, capacity 2554K, committed 2560K, reserved 1048576K
Event: 19.464 GC heap after
Heap after GC invocations=11 (full 1):
 PSYoungGen      total 166912K, used 0K [0x00000000e1600000, 0x00000000ec880000, 0x0000000100000000)
  eden space 151040K, 0% used [0x00000000e1600000,0x00000000e1600000,0x00000000ea980000)
  from space 15872K, 0% used [0x00000000eb900000,0x00000000eb900000,0x00000000ec880000)
  to   space 15872K, 0% used [0x00000000ea980000,0x00000000ea980000,0x00000000eb900000)
 ParOldGen       total 56320K, used 22593K [0x00000000a4200000, 0x00000000a7900000, 0x00000000e1600000)
  object space 56320K, 40% used [0x00000000a4200000,0x00000000a5810570,0x00000000a7900000)
 Metaspace       used 20602K, capacity 21212K, committed 21248K, reserved 1069056K
  class space    used 2311K, capacity 2554K, committed 2560K, reserved 1048576K
}
Event: 36.342 GC heap before
{Heap before GC invocations=12 (full 1):
 PSYoungGen      total 166912K, used 110711K [0x00000000e1600000, 0x00000000ec880000, 0x0000000100000000)
  eden space 151040K, 73% used [0x00000000e1600000,0x00000000e821dcf8,0x00000000ea980000)
  from space 15872K, 0% used [0x00000000eb900000,0x00000000eb900000,0x00000000ec880000)
  to   space 15872K, 0% used [0x00000000ea980000,0x00000000ea980000,0x00000000eb900000)
 ParOldGen       total 56320K, used 22593K [0x00000000a4200000, 0x00000000a7900000, 0x00000000e1600000)
  object space 56320K, 40% used [0x00000000a4200000,0x00000000a5810570,0x00000000a7900000)
 Metaspace       used 34310K, capacity 35192K, committed 35416K, reserved 1081344K
  class space    used 4089K, capacity 4370K, committed 4480K, reserved 1048576K

